CRITICAL - 2023-10-01 05:39:39 --> Invalid file: "homes  .php"
in SYSTEMPATH\Exceptions\FrameworkException.php on line 39.
 1 SYSTEMPATH\View\View.php(214): CodeIgniter\Exceptions\FrameworkException::forInvalidFile('homes  .php')
 2 SYSTEMPATH\Common.php(1188): CodeIgniter\View\View->render('homes  ', [], true)
 3 APPPATH\Controllers\Home.php(9): view('homes  ')
 4 SYSTEMPATH\CodeIgniter.php(919): App\Controllers\Home->index()
 5 SYSTEMPATH\CodeIgniter.php(494): CodeIgniter\CodeIgniter->runController(Object(App\Controllers\Home))
 6 SYSTEMPATH\CodeIgniter.php(353): CodeIgniter\CodeIgniter->handleRequest(null, Object(Config\Cache), false)
 7 FCPATH\index.php(79): CodeIgniter\CodeIgniter->run()
CRITICAL - 2023-10-01 05:42:37 --> view(): Argument #2 ($data) must be of type array, string given, called in C:\xampp\htdocs\PC04PROJECT-binhao\app\Controllers\Home.php on line 9
in SYSTEMPATH\Common.php on line 1176.
 1 APPPATH\Controllers\Home.php(9): view('header', 'home')
 2 SYSTEMPATH\CodeIgniter.php(919): App\Controllers\Home->index()
 3 SYSTEMPATH\CodeIgniter.php(494): CodeIgniter\CodeIgniter->runController(Object(App\Controllers\Home))
 4 SYSTEMPATH\CodeIgniter.php(353): CodeIgniter\CodeIgniter->handleRequest(null, Object(Config\Cache), false)
 5 FCPATH\index.php(79): CodeIgniter\CodeIgniter->run()
CRITICAL - 2023-10-01 05:42:55 --> Invalid file: "headerhome.php"
in SYSTEMPATH\Exceptions\FrameworkException.php on line 39.
 1 SYSTEMPATH\View\View.php(214): CodeIgniter\Exceptions\FrameworkException::forInvalidFile('headerhome.php')
 2 SYSTEMPATH\Common.php(1188): CodeIgniter\View\View->render('headerhome', [], true)
 3 APPPATH\Controllers\Home.php(9): view('headerhome')
 4 SYSTEMPATH\CodeIgniter.php(919): App\Controllers\Home->index()
 5 SYSTEMPATH\CodeIgniter.php(494): CodeIgniter\CodeIgniter->runController(Object(App\Controllers\Home))
 6 SYSTEMPATH\CodeIgniter.php(353): CodeIgniter\CodeIgniter->handleRequest(null, Object(Config\Cache), false)
 7 FCPATH\index.php(79): CodeIgniter\CodeIgniter->run()
CRITICAL - 2023-10-01 05:43:12 --> Invalid file: "header,home.php"
in SYSTEMPATH\Exceptions\FrameworkException.php on line 39.
 1 SYSTEMPATH\View\View.php(214): CodeIgniter\Exceptions\FrameworkException::forInvalidFile('header,home.php')
 2 SYSTEMPATH\Common.php(1188): CodeIgniter\View\View->render('header,home', [], true)
 3 APPPATH\Controllers\Home.php(9): view('header,home')
 4 SYSTEMPATH\CodeIgniter.php(919): App\Controllers\Home->index()
 5 SYSTEMPATH\CodeIgniter.php(494): CodeIgniter\CodeIgniter->runController(Object(App\Controllers\Home))
 6 SYSTEMPATH\CodeIgniter.php(353): CodeIgniter\CodeIgniter->handleRequest(null, Object(Config\Cache), false)
 7 FCPATH\index.php(79): CodeIgniter\CodeIgniter->run()
CRITICAL - 2023-10-01 16:10:09 --> Invalid file: "tentang-onexox.php"
in SYSTEMPATH\Exceptions\FrameworkException.php on line 39.
 1 SYSTEMPATH\View\View.php(214): CodeIgniter\Exceptions\FrameworkException::forInvalidFile('tentang-onexox.php')
 2 SYSTEMPATH\Common.php(1188): CodeIgniter\View\View->render('tentang-onexox', [], true)
 3 APPPATH\Controllers\Home.php(38): view('tentang-onexox')
 4 SYSTEMPATH\CodeIgniter.php(919): App\Controllers\Home->tentang_onexox()
 5 SYSTEMPATH\CodeIgniter.php(494): CodeIgniter\CodeIgniter->runController(Object(App\Controllers\Home))
 6 SYSTEMPATH\CodeIgniter.php(353): CodeIgniter\CodeIgniter->handleRequest(null, Object(Config\Cache), false)
 7 FCPATH\index.php(79): CodeIgniter\CodeIgniter->run()
